<?xml version="1.0" encoding="UTF-8"?>
<testng-results ignored="0" total="1" passed="1" failed="0" skipped="0">
  <reporter-output>
  </reporter-output>
  <suite started-at="2024-02-05T16:31:27 IST" name="Default suite" finished-at="2024-02-05T16:32:33 IST" duration-ms="66044">
    <groups>
    </groups>
    <test started-at="2024-02-05T16:31:27 IST" name="Default test" finished-at="2024-02-05T16:32:33 IST" duration-ms="66044">
      <class name="goldenindia.CustomerPanelNewFramework.TestCases.OrderingItemsSuccessfully">
        <test-method is-config="true" signature="launchApplication()[pri:0, instance:goldenindia.CustomerPanelNewFramework.TestCases.OrderingItemsSuccessfully@10683d9d]" started-at="2024-02-05T16:31:27 IST" name="launchApplication" finished-at="2024-02-05T16:31:33 IST" duration-ms="5943" status="PASS">
          <reporter-output>
          </reporter-output>
        </test-method> <!-- launchApplication -->
        <test-method signature="placing_the_order_by_adding_only_one_product(java.util.HashMap)[pri:0, instance:goldenindia.CustomerPanelNewFramework.TestCases.OrderingItemsSuccessfully@10683d9d]" started-at="2024-02-05T16:31:33 IST" name="placing_the_order_by_adding_only_one_product" data-provider="enteringCustomerDetails" finished-at="2024-02-05T16:32:30 IST" duration-ms="57442" status="PASS">
          <params>
            <param index="0">
              <value>
                <![CDATA[{name=Elizabeth, number=7963054851, email=Elizabeth@gmail.com}]]>
              </value>
            </param>
          </params>
          <reporter-output>
          </reporter-output>
        </test-method> <!-- placing_the_order_by_adding_only_one_product -->
        <test-method is-config="true" signature="treeDown()[pri:0, instance:goldenindia.CustomerPanelNewFramework.TestCases.OrderingItemsSuccessfully@10683d9d]" started-at="2024-02-05T16:32:30 IST" name="treeDown" finished-at="2024-02-05T16:32:33 IST" duration-ms="2300" status="PASS">
          <reporter-output>
          </reporter-output>
        </test-method> <!-- treeDown -->
      </class> <!-- goldenindia.CustomerPanelNewFramework.TestCases.OrderingItemsSuccessfully -->
    </test> <!-- Default test -->
  </suite> <!-- Default suite -->
</testng-results>
